0 info it worked if it ends with ok
1 verbose cli [ '/home/likewise-open/FRAMGIA/han.van.hiep/.nvm/versions/node/v6.7.0/bin/node',
1 verbose cli   '/home/likewise-open/FRAMGIA/han.van.hiep/.nvm/versions/node/v6.7.0/bin/npm',
1 verbose cli   'run',
1 verbose cli   'build' ]
2 info using npm@3.10.3
3 info using node@v6.7.0
4 verbose run-script [ 'prebuild', 'build', 'postbuild' ]
5 info lifecycle angular2-webpack@1.0.0~prebuild: angular2-webpack@1.0.0
6 silly lifecycle angular2-webpack@1.0.0~prebuild: no script for prebuild, continuing
7 info lifecycle angular2-webpack@1.0.0~build: angular2-webpack@1.0.0
8 verbose lifecycle angular2-webpack@1.0.0~build: unsafe-perm in lifecycle true
9 verbose lifecycle angular2-webpack@1.0.0~build: PATH: /home/likewise-open/FRAMGIA/han.van.hiep/.nvm/versions/node/v6.7.0/lib/node_modules/npm/bin/node-gyp-bin:/home/likewise-open/FRAMGIA/han.van.hiep/workspace/angular-webpack/node_modules/.bin:/home/likewise-open/FRAMGIA/han.van.hiep/.nvm/versions/node/v6.7.0/bin:/home/likewise-open/FRAMGIA/han.van.hiep/.nvm/versions/node/v6.7.0/bin:/home/likewise-open/FRAMGIA/han.van.hiep/.pyenv/plugins/pyenv-virtualenv/shims:/home/likewise-open/FRAMGIA/han.van.hiep/.pyenv/libexec:/home/likewise-open/FRAMGIA/han.van.hiep/.pyenv/plugins/python-build/bin:/home/likewise-open/FRAMGIA/han.van.hiep/.pyenv/plugins/pyenv-virtualenvwrapper/bin:/home/likewise-open/FRAMGIA/han.van.hiep/.pyenv/plugins/pyenv-virtualenv/bin:/home/likewise-open/FRAMGIA/han.van.hiep/.pyenv/shims:/home/likewise-open/FRAMGIA/han.van.hiep/.pyenv/bin:/home/likewise-open/FRAMGIA/han.van.hiep/.pyenv/bin:/home/likewise-open/FRAMGIA/han.van.hiep/.rvm/gems/ruby-2.3.1/bin:/home/likewise-open/FRAMGIA/han.van.hiep/.rvm/gems/ruby-2.3.1@global/bin:/home/likewise-open/FRAMGIA/han.van.hiep/.rvm/rubies/ruby-2.3.1/bin:/usr/local/sbin:/usr/local/bin:/usr/sbin:/usr/bin:/sbin:/bin:/usr/games:/usr/local/games:/home/likewise-open/FRAMGIA/han.van.hiep/.rvm/bin
10 verbose lifecycle angular2-webpack@1.0.0~build: CWD: /home/likewise-open/FRAMGIA/han.van.hiep/workspace/angular-webpack
11 silly lifecycle angular2-webpack@1.0.0~build: Args: [ '-c',
11 silly lifecycle   'rimraf dist && webpack --config config/webpack.prod.js --progress --profile --bail' ]
12 silly lifecycle angular2-webpack@1.0.0~build: Returned: code: 1  signal: null
13 info lifecycle angular2-webpack@1.0.0~build: Failed to exec build script
14 verbose stack Error: angular2-webpack@1.0.0 build: `rimraf dist && webpack --config config/webpack.prod.js --progress --profile --bail`
14 verbose stack Exit status 1
14 verbose stack     at EventEmitter.<anonymous> (/home/likewise-open/FRAMGIA/han.van.hiep/.nvm/versions/node/v6.7.0/lib/node_modules/npm/lib/utils/lifecycle.js:242:16)
14 verbose stack     at emitTwo (events.js:106:13)
14 verbose stack     at EventEmitter.emit (events.js:191:7)
14 verbose stack     at ChildProcess.<anonymous> (/home/likewise-open/FRAMGIA/han.van.hiep/.nvm/versions/node/v6.7.0/lib/node_modules/npm/lib/utils/spawn.js:40:14)
14 verbose stack     at emitTwo (events.js:106:13)
14 verbose stack     at ChildProcess.emit (events.js:191:7)
14 verbose stack     at maybeClose (internal/child_process.js:877:16)
14 verbose stack     at Process.ChildProcess._handle.onexit (internal/child_process.js:226:5)
15 verbose pkgid angular2-webpack@1.0.0
16 verbose cwd /home/likewise-open/FRAMGIA/han.van.hiep/workspace/angular-webpack
17 error Linux 3.16.0-30-generic
18 error argv "/home/likewise-open/FRAMGIA/han.van.hiep/.nvm/versions/node/v6.7.0/bin/node" "/home/likewise-open/FRAMGIA/han.van.hiep/.nvm/versions/node/v6.7.0/bin/npm" "run" "build"
19 error node v6.7.0
20 error npm  v3.10.3
21 error code ELIFECYCLE
22 error angular2-webpack@1.0.0 build: `rimraf dist && webpack --config config/webpack.prod.js --progress --profile --bail`
22 error Exit status 1
23 error Failed at the angular2-webpack@1.0.0 build script 'rimraf dist && webpack --config config/webpack.prod.js --progress --profile --bail'.
23 error Make sure you have the latest version of node.js and npm installed.
23 error If you do, this is most likely a problem with the angular2-webpack package,
23 error not with npm itself.
23 error Tell the author that this fails on your system:
23 error     rimraf dist && webpack --config config/webpack.prod.js --progress --profile --bail
23 error You can get information on how to open an issue for this project with:
23 error     npm bugs angular2-webpack
23 error Or if that isn't available, you can get their info via:
23 error     npm owner ls angular2-webpack
23 error There is likely additional logging output above.
24 verbose exit [ 1, true ]
